<?xml version="1.0" encoding="UTF-8"?>
<testng-results skipped="0" failed="0" ignored="0" total="3" passed="3">
  <reporter-output>
  </reporter-output>
  <suite name="Suite" duration-ms="109674" started-at="2022-01-02T22:37:19 IST" finished-at="2022-01-02T22:39:08 IST">
    <groups>
      <group name="cucumber">
        <method signature="AbstractTestNGCucumberTests.feature(cucumber.api.testng.CucumberFeatureWrapper)[pri:0, instance:project_cucumber.runner.TestRunner@29ca901e]" name="feature" class="cucumber.api.testng.AbstractTestNGCucumberTests"/>
      </group> <!-- cucumber -->
    </groups>
    <test name="Test" duration-ms="109674" started-at="2022-01-02T22:37:19 IST" finished-at="2022-01-02T22:39:08 IST">
      <class name="project_cucumber.runner.TestRunner">
        <test-method status="PASS" signature="setUpClass()[pri:0, instance:project_cucumber.runner.TestRunner@29ca901e]" name="setUpClass" is-config="true" duration-ms="429" started-at="2022-01-02T22:37:19 IST" finished-at="2022-01-02T22:37:19 IST">
          <reporter-output>
          </reporter-output>
        </test-method> <!-- setUpClass -->
        <test-method status="PASS" signature="feature(cucumber.api.testng.CucumberFeatureWrapper)[pri:0, instance:project_cucumber.runner.TestRunner@29ca901e]" name="feature" duration-ms="37154" started-at="2022-01-02T22:37:19 IST" description="Runs Cucumber Feature" data-provider="features" finished-at="2022-01-02T22:37:57 IST">
          <params>
            <param index="0">
              <value>
                <![CDATA[Insurance company]]>
              </value>
            </param>
          </params>
          <reporter-output>
          </reporter-output>
        </test-method> <!-- feature -->
        <test-method status="PASS" signature="feature(cucumber.api.testng.CucumberFeatureWrapper)[pri:0, instance:project_cucumber.runner.TestRunner@29ca901e]" name="feature" duration-ms="36507" started-at="2022-01-02T22:37:57 IST" description="Runs Cucumber Feature" data-provider="features" finished-at="2022-01-02T22:38:33 IST">
          <params>
            <param index="0">
              <value>
                <![CDATA[Insurance company]]>
              </value>
            </param>
          </params>
          <reporter-output>
          </reporter-output>
        </test-method> <!-- feature -->
        <test-method status="PASS" signature="feature(cucumber.api.testng.CucumberFeatureWrapper)[pri:0, instance:project_cucumber.runner.TestRunner@29ca901e]" name="feature" duration-ms="35280" started-at="2022-01-02T22:38:33 IST" description="Runs Cucumber Feature" data-provider="features" finished-at="2022-01-02T22:39:08 IST">
          <params>
            <param index="0">
              <value>
                <![CDATA[Insurance company]]>
              </value>
            </param>
          </params>
          <reporter-output>
          </reporter-output>
        </test-method> <!-- feature -->
        <test-method status="PASS" signature="tearDownClass()[pri:0, instance:project_cucumber.runner.TestRunner@29ca901e]" name="tearDownClass" is-config="true" duration-ms="4" started-at="2022-01-02T22:39:08 IST" finished-at="2022-01-02T22:39:08 IST">
          <reporter-output>
          </reporter-output>
        </test-method> <!-- tearDownClass -->
      </class> <!-- project_cucumber.runner.TestRunner -->
    </test> <!-- Test -->
  </suite> <!-- Suite -->
</testng-results>
