<?xml version="1.0" encoding="UTF-8"?>
<!-- Generated by org.testng.reporters.JUnitXMLReporter -->
<testsuite hostname="DESKTOP-6VNBHPC" ignored="0" name="Test" tests="3" failures="0" timestamp="2022-01-02T22:39:08 IST" time="109.674" errors="0">
  <testcase name="feature" time="37.154" classname="cucumber.api.testng.AbstractTestNGCucumberTests"/>
  <testcase name="feature" time="36.507" classname="cucumber.api.testng.AbstractTestNGCucumberTests"/>
  <testcase name="feature" time="35.28" classname="cucumber.api.testng.AbstractTestNGCucumberTests"/>
</testsuite> <!-- Test -->
